TN:
SF:functions.js
FN:1,(anonymous_0)
FN:8,(anonymous_1)
FN:12,(anonymous_2)
FN:32,(anonymous_3)
FNF:4
FNH:4
FNDA:1,(anonymous_0)
FNDA:1,(anonymous_1)
FNDA:5,(anonymous_2)
FNDA:4,(anonymous_3)
DA:1,1
DA:2,1
DA:3,1
DA:4,1
DA:5,1
DA:8,1
DA:9,1
DA:10,1
DA:12,1
DA:13,5
DA:19,5
DA:20,2
DA:22,3
DA:23,1
DA:25,2
DA:26,1
DA:28,1
DA:29,1
DA:32,1
DA:34,4
DA:38,1
DA:39,1
LF:22
LH:22
BRDA:13,0,0,5
BRDA:13,0,1,0
BRDA:14,1,0,5
BRDA:14,1,1,2
BRDA:14,1,2,0
BRDA:14,1,3,0
BRDA:19,2,0,2
BRDA:19,2,1,3
BRDA:22,3,0,1
BRDA:22,3,1,2
BRDA:25,4,0,1
BRDA:25,4,1,1
BRDA:28,5,0,1
BRDA:28,5,1,0
BRF:14
BRH:10
end_of_record
